<?xml version="1.0" encoding="UTF-8"?>
<testng-results ignored="0" total="1" passed="1" failed="0" skipped="0">
  <reporter-output>
    <line>
      <![CDATA[The test is found to have passed !!]]>
    </line>
  </reporter-output>
  <suite started-at="2023-10-08T03:30:00 IST" name="Suite" finished-at="2023-10-08T03:30:39 IST" duration-ms="38557">
    <groups>
    </groups>
    <test started-at="2023-10-08T03:30:00 IST" name="Test" finished-at="2023-10-08T03:30:39 IST" duration-ms="38557">
      <class name="com.avirtusaa.MainTestRunner">
        <test-method is-config="true" signature="fetchLogoStatus()[pri:0, instance:com.avirtusaa.MainTestRunner@7ea37dbf]" started-at="2023-10-08T03:30:00 IST" name="fetchLogoStatus" finished-at="2023-10-08T03:30:39 IST" duration-ms="38533" status="PASS">
          <reporter-output>
          </reporter-output>
        </test-method> <!-- fetchLogoStatus -->
        <test-method signature="name()[pri:0, instance:com.avirtusaa.MainTestRunner@7ea37dbf]" started-at="2023-10-08T03:30:39 IST" name="name" finished-at="2023-10-08T03:30:39 IST" duration-ms="4" status="PASS">
          <reporter-output>
            <line>
              <![CDATA[The test is found to have passed !!]]>
            </line>
          </reporter-output>
        </test-method> <!-- name -->
      </class> <!-- com.avirtusaa.MainTestRunner -->
    </test> <!-- Test -->
  </suite> <!-- Suite -->
</testng-results>
