<?xml version="1.0" encoding="UTF-8"?>
<testsuite xmlns:xsi="http://www.w3.org/2001/XMLSchema-instance" xsi:noNamespaceSchemaLocation="https://maven.apache.org/surefire/maven-surefire-plugin/xsd/surefire-test-report-3.0.xsd" version="3.0" name="TestSuite" time="43.794" tests="1" errors="0" skipped="0" failures="0">
  <properties>
[...]
</properties>
  <testcase name="name" classname="com.avirtusaa.MainTestRunner" time="0.004">
    <system-out><![CDATA[/Users/ubhatnagar/Documents/seleniumMavenTestNG/com.avirtusaa/drivers/geckodriver
#########
/Users/ubhatnagar/Documents/seleniumMavenTestNG/com.avirtusaa
Found out this... true
The logo is found to be present !!
/Users/ubhatnagar/Documents/seleniumMavenTestNG/com.avirtusaa/drivers/chromedriver_mac64
New York
]]></system-out>
    <system-err><![CDATA[SLF4J: Failed to load class "org.slf4j.impl.StaticLoggerBinder".
SLF4J: Defaulting to no-operation (NOP) logger implementation
SLF4J: See http://www.slf4j.org/codes.html#StaticLoggerBinder for further details.
]]></system-err>
  </testcase>
</testsuite>